Job start at 2023-04-05 10:19:07
Job run at:
   Static hostname: localhost.localdomain
Transient hostname: gpu-a09
         Icon name: computer-server
           Chassis: server
        Machine ID: b039fd1d01d748aea5d609e9d8ea533d
           Boot ID: 1e96fdc6d68d43449fae575ec77ccf8f
  Operating System: CentOS Linux 7 (Core)
       CPE OS Name: cpe:/o:centos:centos:7
            Kernel: Linux 3.10.0-1127.13.1.el7.x86_64
      Architecture: x86-64
Have already added /tools/cluster-modulefiles into $MODULEPATH

/usr/bin/gcc
/lustre/S/gaomj/miniconda3/bin/python
/tools/cluster-software/python3/python3-3.6.8/bin/python3
############### /home : /home/S/gaomj
Disk quotas for user gaomj (uid 6156): 
     Filesystem   space   quota   limit   grace   files   quota   limit   grace
          /home   4986M  16384M  20480M           24316       0       0        

############### /workspace
Disk quotas for user gaomj (uid 6156): 
     Filesystem   space   quota   limit   grace   files   quota   limit   grace
     /workspace      0K    400G    500G               1       0       0        

############### /lustre
Disk quotas for usr gaomj (uid 6156):
     Filesystem    used   quota   limit   grace   files   quota   limit   grace
        /lustre  9.893G      8T     10T       -  121207  3000000 36000000       -
uid 6156 is using default block quota setting
uid 6156 is using default file quota setting
name, driver_version, power.limit [W]
NVIDIA A100-SXM4-40GB, 465.19.01, 300.00 W
NVIDIA A100-SXM4-40GB, 465.19.01, 300.00 W
NVIDIA A100-SXM4-40GB, 465.19.01, 300.00 W
NVIDIA A100-SXM4-40GB, 465.19.01, 300.00 W
NVIDIA A100-SXM4-40GB, 465.19.01, 300.00 W
NVIDIA A100-SXM4-40GB, 465.19.01, 300.00 W
NVIDIA A100-SXM4-40GB, 465.19.01, 300.00 W
NVIDIA A100-SXM4-40GB, 465.19.01, 300.00 W
Use GPU 0,1,2,3,4,5,6,7
epoch 0 batch 99 Loss 18.16281747817993
epoch 0 batch 199 Loss 18.950735177993774
epoch 0 batch 299 Loss 18.021778173446656
epoch 0 batch 399 Loss 18.63179669380188
epoch 0 batch 499 Loss 17.875624804496766
epoch 0 batch 599 Loss 18.159715251922606
epoch 0 batch 699 Loss 17.912015314102174
epoch 0 batch 799 Loss 17.4915455532074
epoch 0 batch 899 Loss 18.134934120178222
epoch 0 batch 999 Loss 17.668713674545288
epoch 0 batch 1099 Loss 18.06496868133545
epoch 0 batch 1199 Loss 17.68664578437805
epoch 0 batch 1299 Loss 17.516903772354127
epoch 0 batch 1399 Loss 17.941314764022827
epoch 0 batch 1499 Loss 17.344777565002442
epoch 0 batch 1599 Loss 16.70441511631012
epoch 0 batch 1699 Loss 16.494420375823974
epoch 0 batch 1799 Loss 16.914789838790895
epoch 0 batch 1899 Loss 16.36136643409729
epoch 0 batch 1999 Loss 17.28163808822632
epoch 0 batch 2099 Loss 16.469189672470094
epoch 0 batch 2199 Loss 16.678726997375488
epoch 0 batch 2299 Loss 16.168068370819093
epoch 0 batch 2399 Loss 16.567866859436034
epoch 0 batch 2499 Loss 16.784235620498656
epoch 0 batch 2599 Loss 16.507983369827272
epoch 0 batch 2699 Loss 16.29999038696289
epoch 0 batch 2799 Loss 16.35889199256897
epoch 0 batch 2899 Loss 16.57683310508728
epoch 0 batch 2999 Loss 16.251409006118774
epoch 0 batch 3099 Loss 16.03715934753418
epoch 0 batch 3199 Loss 15.471882224082947
epoch 0 batch 3299 Loss 15.945909700393678
epoch 0 batch 3399 Loss 15.221534261703491
epoch 0 batch 3499 Loss 16.12966972351074
epoch 0 batch 3599 Loss 16.02661961555481
epoch 0 batch 3699 Loss 15.315137310028076
epoch 0 batch 3799 Loss 15.984433441162109
epoch 0 batch 3899 Loss 15.429860653877258
epoch 0 batch 3999 Loss 15.953918094635009
epoch 0 batch 4099 Loss 14.516662673950195
epoch 0 batch 4199 Loss 15.067086901664734
epoch 0 batch 4299 Loss 15.0344655418396
epoch 0 batch 4399 Loss 14.607002511024476
epoch 0 batch 4499 Loss 14.768200664520263
epoch 0 batch 4599 Loss 15.061037669181824
epoch 0 batch 4699 Loss 14.79952518939972
epoch 0 batch 4799 Loss 15.486846361160278
epoch 0 batch 4899 Loss 14.648853974342346
epoch 0 batch 4999 Loss 14.890414071083068
epoch 0 batch 5099 Loss 14.777225155830383
epoch 0 batch 5199 Loss 14.815245389938354
epoch 0 batch 5299 Loss 14.358646621704102
epoch 0 batch 5399 Loss 14.469947152137756
epoch 0 batch 5499 Loss 14.452626738548279
epoch 0 batch 5599 Loss 13.878519654273987
epoch 0 batch 5699 Loss 13.98680227279663
epoch 0 batch 5799 Loss 14.072471203804016
epoch 0 batch 5899 Loss 14.511507744789123
epoch 0 batch 5999 Loss 14.22143120765686
epoch 0 batch 6099 Loss 14.52047926902771
epoch 0 batch 6199 Loss 14.279157371520997
epoch 0 batch 6299 Loss 14.34735680103302
epoch 1 batch 99 Loss 16.280752342939376
epoch 1 batch 199 Loss 13.190545344352723
epoch 1 batch 299 Loss 12.473918108940124
epoch 1 batch 399 Loss 12.891004223823547
epoch 1 batch 499 Loss 13.68122181415558
epoch 1 batch 599 Loss 13.46387990951538
epoch 1 batch 699 Loss 12.837479515075684
epoch 1 batch 799 Loss 12.730086121559143
epoch 1 batch 899 Loss 12.824975662231445
epoch 1 batch 999 Loss 12.897682538032532
epoch 1 batch 1099 Loss 13.003439116477967
epoch 1 batch 1199 Loss 12.280302610397339
epoch 1 batch 1299 Loss 13.195793666839599
epoch 1 batch 1399 Loss 12.457524571418762
epoch 1 batch 1499 Loss 12.284078364372254
epoch 1 batch 1599 Loss 12.441844930648804
epoch 1 batch 1699 Loss 12.477410793304443
epoch 1 batch 1799 Loss 12.996782422065735
epoch 1 batch 1899 Loss 12.738312273025512
epoch 1 batch 1999 Loss 12.328092765808105
epoch 1 batch 2099 Loss 12.117641463279725
epoch 1 batch 2199 Loss 12.350828447341918
epoch 1 batch 2299 Loss 11.94470757007599
epoch 1 batch 2399 Loss 11.61001835346222
epoch 1 batch 2499 Loss 12.408631753921508
epoch 1 batch 2599 Loss 12.43967633485794
epoch 1 batch 2699 Loss 12.169113368988038
epoch 1 batch 2799 Loss 11.453405675888062
epoch 1 batch 2899 Loss 11.914982314109801
epoch 1 batch 2999 Loss 11.566820044517517
epoch 1 batch 3099 Loss 11.695180041790008
epoch 1 batch 3199 Loss 12.027509231567382
epoch 1 batch 3299 Loss 12.11917296886444
epoch 1 batch 3399 Loss 11.306592936515807
epoch 1 batch 3499 Loss 11.716114029884338
epoch 1 batch 3599 Loss 11.631422019004821
epoch 1 batch 3699 Loss 11.292292788028718
epoch 1 batch 3799 Loss 11.548082060813904
epoch 1 batch 3899 Loss 11.282121143341065
epoch 1 batch 3999 Loss 11.469691882133484
epoch 1 batch 4099 Loss 11.611702585220337
epoch 1 batch 4199 Loss 11.91017255306244
epoch 1 batch 4299 Loss 11.507268314361573
epoch 1 batch 4399 Loss 11.756151914596558
epoch 1 batch 4499 Loss 11.508937997817993
epoch 1 batch 4599 Loss 11.33004165172577
epoch 1 batch 4699 Loss 11.06484317779541
epoch 1 batch 4799 Loss 11.338953852653503
epoch 1 batch 4899 Loss 11.284816327095031
epoch 1 batch 4999 Loss 10.964020018577576
epoch 1 batch 5099 Loss 11.280705227851868
epoch 1 batch 5199 Loss 11.350133992433548
epoch 1 batch 5299 Loss 11.236302332878113
epoch 1 batch 5399 Loss 11.128094515800477
epoch 1 batch 5499 Loss 11.006308171749115
epoch 1 batch 5599 Loss 10.576504950523377
epoch 1 batch 5699 Loss 11.067748432159425
epoch 1 batch 5799 Loss 11.052972707748413
epoch 1 batch 5899 Loss 10.810348844528198
epoch 1 batch 5999 Loss 10.76426115989685
epoch 1 batch 6099 Loss 10.782979221343995
epoch 1 batch 6199 Loss 10.318751614093781
epoch 1 batch 6299 Loss 10.702623434066773
epoch 2 batch 99 Loss 12.318932764083147
epoch 2 batch 199 Loss 10.583523559570313
epoch 2 batch 299 Loss 9.755408587455749
epoch 2 batch 399 Loss 9.794981067180634
epoch 2 batch 499 Loss 10.016912109851837
epoch 2 batch 599 Loss 10.089857344627381
epoch 2 batch 699 Loss 10.050036740303039
epoch 2 batch 799 Loss 9.854450027942658
epoch 2 batch 899 Loss 9.91745924949646
epoch 2 batch 999 Loss 9.965727038383484
epoch 2 batch 1099 Loss 10.095690665245057
epoch 2 batch 1199 Loss 9.605415091514587
epoch 2 batch 1299 Loss 9.73783619403839
epoch 2 batch 1399 Loss 9.82076422214508
epoch 2 batch 1499 Loss 10.147833709716798
epoch 2 batch 1599 Loss 10.28650019645691
epoch 2 batch 1699 Loss 9.928771312236785
epoch 2 batch 1799 Loss 9.839916973114013
epoch 2 batch 1899 Loss 9.579188764095306
epoch 2 batch 1999 Loss 9.702537860870361
epoch 2 batch 2099 Loss 9.18639003753662
epoch 2 batch 2199 Loss 9.747573869228363
epoch 2 batch 2299 Loss 9.598540589809417
epoch 2 batch 2399 Loss 9.787568626403809
epoch 2 batch 2499 Loss 9.387967445850371
epoch 2 batch 2599 Loss 9.325055205821991
epoch 2 batch 2699 Loss 9.273762350082398
epoch 2 batch 2799 Loss 9.158101050853729
epoch 2 batch 2899 Loss 9.261272118091583
epoch 2 batch 2999 Loss 9.262876789569855
epoch 2 batch 3099 Loss 9.365460891723632
epoch 2 batch 3199 Loss 9.288445289134978
epoch 2 batch 3299 Loss 8.739293211698532
epoch 2 batch 3399 Loss 9.028993048667907
epoch 2 batch 3499 Loss 8.838663032054901
epoch 2 batch 3599 Loss 8.851741592884064
epoch 2 batch 3699 Loss 8.956835913658143
epoch 2 batch 3799 Loss 9.018747503757476
epoch 2 batch 3899 Loss 9.148660600185394
epoch 2 batch 3999 Loss 8.946802003383636
epoch 2 batch 4099 Loss 9.003790302276611
epoch 2 batch 4199 Loss 9.497755002975463
epoch 2 batch 4299 Loss 9.090160059928895
epoch 2 batch 4399 Loss 9.222054052352906
epoch 2 batch 4499 Loss 9.157701640129089
epoch 2 batch 4599 Loss 8.897382864952087
epoch 2 batch 4699 Loss 9.390696804523468
epoch 2 batch 4799 Loss 8.889816071987152
epoch 2 batch 4899 Loss 8.819052772521973
epoch 2 batch 4999 Loss 8.737002229690551
epoch 2 batch 5099 Loss 8.516973927021027
epoch 2 batch 5199 Loss 9.114259805679321
epoch 2 batch 5299 Loss 8.881799459457397
epoch 2 batch 5399 Loss 8.465553297996522
epoch 2 batch 5499 Loss 8.670307314395904
epoch 2 batch 5599 Loss 8.886259851455689
epoch 2 batch 5699 Loss 9.072374925613403
epoch 2 batch 5799 Loss 8.52609988808632
epoch 2 batch 5899 Loss 9.320615544319153
epoch 2 batch 5999 Loss 8.40645372390747
epoch 2 batch 6099 Loss 8.532118527889251
epoch 2 batch 6199 Loss 8.599733935594559
epoch 2 batch 6299 Loss 8.107172448635101
epoch 3 batch 99 Loss 9.932163019180297
epoch 3 batch 199 Loss 7.867585024833679
epoch 3 batch 299 Loss 7.953562986850739
epoch 3 batch 399 Loss 7.976884424686432
epoch 3 batch 499 Loss 8.191323471069335
epoch 3 batch 599 Loss 7.952720414400101
epoch 3 batch 699 Loss 7.907197222709656
epoch 3 batch 799 Loss 7.553517073392868
epoch 3 batch 899 Loss 8.119088382720948
epoch 3 batch 999 Loss 8.076027286052703
epoch 3 batch 1099 Loss 7.484848494529724
epoch 3 batch 1199 Loss 7.763966410160065
epoch 3 batch 1299 Loss 7.840126378536224
epoch 3 batch 1399 Loss 7.673650445938111
epoch 3 batch 1499 Loss 7.675843448638916
epoch 3 batch 1599 Loss 7.665959572792053
epoch 3 batch 1699 Loss 7.681370859146118
epoch 3 batch 1799 Loss 8.190102560520172
epoch 3 batch 1899 Loss 7.293008041381836
epoch 3 batch 1999 Loss 7.661479349136353
epoch 3 batch 2099 Loss 7.764972157478333
epoch 3 batch 2199 Loss 7.556701092720032
epoch 3 batch 2299 Loss 7.709062926769256
epoch 3 batch 2399 Loss 7.495434384346009
epoch 3 batch 2499 Loss 7.576523308753967
epoch 3 batch 2599 Loss 7.879971084594726
epoch 3 batch 2699 Loss 7.610679039955139
epoch 3 batch 2799 Loss 7.321319005489349
epoch 3 batch 2899 Loss 7.664309921264649
epoch 3 batch 2999 Loss 7.533584825992584
epoch 3 batch 3099 Loss 7.574652194976807
epoch 3 batch 3199 Loss 7.825194799900055
epoch 3 batch 3299 Loss 7.3784504723548885
epoch 3 batch 3399 Loss 7.408194968700409
epoch 3 batch 3499 Loss 7.308764822483063
epoch 3 batch 3599 Loss 7.34526356458664
epoch 3 batch 3699 Loss 7.485373401641846
epoch 3 batch 3799 Loss 7.81064814567566
epoch 3 batch 3899 Loss 7.3516221261024475
epoch 3 batch 3999 Loss 7.640858509540558
epoch 3 batch 4099 Loss 7.777188160419464
epoch 3 batch 4199 Loss 7.635662748813629
epoch 3 batch 4299 Loss 7.442538297176361
epoch 3 batch 4399 Loss 7.472395702600479
epoch 3 batch 4499 Loss 7.481861140727997
epoch 3 batch 4599 Loss 7.264297647476196
epoch 3 batch 4699 Loss 6.769009425640106
epoch 3 batch 4799 Loss 7.154705708026886
epoch 3 batch 4899 Loss 7.331015584468841
epoch 3 batch 4999 Loss 7.4029752016067505
epoch 3 batch 5099 Loss 7.501465413570404
epoch 3 batch 5199 Loss 7.022117516994476
epoch 3 batch 5299 Loss 7.2363161897659305
epoch 3 batch 5399 Loss 7.2651058864593505
epoch 3 batch 5499 Loss 7.073714597225189
epoch 3 batch 5599 Loss 6.678572585582733
epoch 3 batch 5699 Loss 7.038908829689026
epoch 3 batch 5799 Loss 7.2348400545120235
epoch 3 batch 5899 Loss 7.054170957803726
epoch 3 batch 5999 Loss 7.393313899040222
epoch 3 batch 6099 Loss 7.323529469966888
epoch 3 batch 6199 Loss 7.320402708053589
epoch 3 batch 6299 Loss 7.256582326889038
epoch 4 batch 99 Loss 8.47427164182067
epoch 4 batch 199 Loss 6.593236532211304
epoch 4 batch 299 Loss 6.317661700248718
epoch 4 batch 399 Loss 6.381560442447662
epoch 4 batch 499 Loss 6.591263263225556
epoch 4 batch 599 Loss 6.781811027526856
epoch 4 batch 699 Loss 6.573748970031739
epoch 4 batch 799 Loss 6.555248172283172
epoch 4 batch 899 Loss 6.778792154788971
epoch 4 batch 999 Loss 6.3948175954818725
epoch 4 batch 1099 Loss 6.742883888483047
epoch 4 batch 1199 Loss 6.260133011341095
epoch 4 batch 1299 Loss 6.305108535289764
epoch 4 batch 1399 Loss 6.104386320114136
epoch 4 batch 1499 Loss 6.5639962434768675
epoch 4 batch 1599 Loss 6.001045134067535
epoch 4 batch 1699 Loss 6.5784769320487975
epoch 4 batch 1799 Loss 6.662258715629577
epoch 4 batch 1899 Loss 6.447405745983124
epoch 4 batch 1999 Loss 6.099704104661941
epoch 4 batch 2099 Loss 6.318988962173462
epoch 4 batch 2199 Loss 6.412774436473846
epoch 4 batch 2299 Loss 6.283955588340759
epoch 4 batch 2399 Loss 6.268774540424347
epoch 4 batch 2499 Loss 6.320101094245911
epoch 4 batch 2599 Loss 6.603027284145355
epoch 4 batch 2699 Loss 6.539627232551575
epoch 4 batch 2799 Loss 6.550284218788147
epoch 4 batch 2899 Loss 6.0383141493797305
epoch 4 batch 2999 Loss 6.440352690219879
epoch 4 batch 3099 Loss 6.314616570472717
epoch 4 batch 3199 Loss 6.183827440738678
epoch 4 batch 3299 Loss 5.84538193821907
epoch 4 batch 3399 Loss 6.261108598709106
epoch 4 batch 3499 Loss 6.0209832286834715
epoch 4 batch 3599 Loss 6.350013281106949
epoch 4 batch 3699 Loss 6.0405031156539915
epoch 4 batch 3799 Loss 6.042028517723083
epoch 4 batch 3899 Loss 5.957085919380188
epoch 4 batch 3999 Loss 6.465156280994416
epoch 4 batch 4099 Loss 5.9444185471534725
epoch 4 batch 4199 Loss 6.408035449981689
epoch 4 batch 4299 Loss 5.980779094696045
epoch 4 batch 4399 Loss 6.240023348331452
epoch 4 batch 4499 Loss 5.918675404787064
epoch 4 batch 4599 Loss 6.096552693843842
epoch 4 batch 4699 Loss 5.990698869228363
epoch 4 batch 4799 Loss 5.851512641906738
epoch 4 batch 4899 Loss 6.196465564966202
epoch 4 batch 4999 Loss 5.74929268360138
epoch 4 batch 5099 Loss 6.218949294090271
epoch 4 batch 5199 Loss 6.000459241867065
epoch 4 batch 5299 Loss 5.92724176645279
epoch 4 batch 5399 Loss 6.148630356788635
epoch 4 batch 5499 Loss 6.122427568435669
epoch 4 batch 5599 Loss 6.023980913162231
epoch 4 batch 5699 Loss 5.905683363676071
epoch 4 batch 5799 Loss 6.0508797490596775
epoch 4 batch 5899 Loss 6.317241022586822
epoch 4 batch 5999 Loss 5.976181839704513
epoch 4 batch 6099 Loss 5.804268407821655
epoch 4 batch 6199 Loss 5.698930279016495
epoch 4 batch 6299 Loss 5.951221826076508
epoch 5 batch 99 Loss 6.790641905888915
epoch 5 batch 199 Loss 5.451315635442734
epoch 5 batch 299 Loss 5.233746116161346
epoch 5 batch 399 Loss 5.199316310882568
epoch 5 batch 499 Loss 5.090775039196014
epoch 5 batch 599 Loss 5.551291885375977
epoch 5 batch 699 Loss 5.419869759082794
epoch 5 batch 799 Loss 5.477901463508606
epoch 5 batch 899 Loss 5.5737255620956425
epoch 5 batch 999 Loss 5.473949625492096
epoch 5 batch 1099 Loss 5.342775495052337
epoch 5 batch 1199 Loss 5.431554791927337
epoch 5 batch 1299 Loss 4.905402846932411
epoch 5 batch 1399 Loss 5.591997674703598
epoch 5 batch 1499 Loss 5.128857003450394
epoch 5 batch 1599 Loss 5.7726305544376375
epoch 5 batch 1699 Loss 5.365139207839966
epoch 5 batch 1799 Loss 5.227009094953537
epoch 5 batch 1899 Loss 5.573826385736465
epoch 5 batch 1999 Loss 5.3745767736434935
epoch 5 batch 2099 Loss 4.993209582567215
epoch 5 batch 2199 Loss 5.201741938591003
epoch 5 batch 2299 Loss 5.206430119276047
epoch 5 batch 2399 Loss 5.086269075870514
epoch 5 batch 2499 Loss 5.185329279899597
epoch 5 batch 2599 Loss 5.601746544837952
epoch 5 batch 2699 Loss 5.029998558461666
epoch 5 batch 2799 Loss 5.420489935874939
epoch 5 batch 2899 Loss 5.408309677243233
epoch 5 batch 2999 Loss 5.297253980636596
epoch 5 batch 3099 Loss 5.301773597002029
epoch 5 batch 3199 Loss 5.482895770072937
epoch 5 batch 3299 Loss 5.434772649407387
epoch 5 batch 3399 Loss 5.187241784334183
epoch 5 batch 3499 Loss 5.048623571991921
epoch 5 batch 3599 Loss 5.278111637830734
epoch 5 batch 3699 Loss 5.675617829561234
epoch 5 batch 3799 Loss 5.1626733207702635
epoch 5 batch 3899 Loss 5.3642726838588715
epoch 5 batch 3999 Loss 5.308670420646667
epoch 5 batch 4099 Loss 5.215025422573089
epoch 5 batch 4199 Loss 5.163870561122894
epoch 5 batch 4299 Loss 5.257199034690857
epoch 5 batch 4399 Loss 4.996515429019928
epoch 5 batch 4499 Loss 5.3646163392066955
epoch 5 batch 4599 Loss 5.362481659650802
epoch 5 batch 4699 Loss 5.053679947853088
epoch 5 batch 4799 Loss 5.009270627498626
epoch 5 batch 4899 Loss 4.953139372467994
epoch 5 batch 4999 Loss 5.340948722362518
epoch 5 batch 5099 Loss 5.13105499625206
epoch 5 batch 5199 Loss 5.239798035621643
epoch 5 batch 5299 Loss 5.1647043132781985
epoch 5 batch 5399 Loss 4.994912270307541
epoch 5 batch 5499 Loss 5.179102251529693
epoch 5 batch 5599 Loss 4.9561865907907485
epoch 5 batch 5699 Loss 5.077066346406936
epoch 5 batch 5799 Loss 5.1909511232376095
epoch 5 batch 5899 Loss 5.065747385025024
epoch 5 batch 5999 Loss 4.639598560333252
epoch 5 batch 6099 Loss 5.129901293516159
epoch 5 batch 6199 Loss 4.8526199543476105
epoch 5 batch 6299 Loss 5.1668375670909885
epoch 6 batch 99 Loss 6.007821130156517
epoch 6 batch 199 Loss 4.416961493492127
epoch 6 batch 299 Loss 4.724744936227799
epoch 6 batch 399 Loss 4.504064415693283
epoch 6 batch 499 Loss 4.604672205448151
epoch 6 batch 599 Loss 4.536010670661926
epoch 6 batch 699 Loss 4.605556576251984
epoch 6 batch 799 Loss 4.391648961305618
epoch 6 batch 899 Loss 4.65584636926651
epoch 6 batch 999 Loss 4.7014784133434295
epoch 6 batch 1099 Loss 4.529178811311722
epoch 6 batch 1199 Loss 4.457981952428818
epoch 6 batch 1299 Loss 4.628480740785599
epoch 6 batch 1399 Loss 4.778205615282059
epoch 6 batch 1499 Loss 4.716804715394974
epoch 6 batch 1599 Loss 4.571883437037468
epoch 6 batch 1699 Loss 4.7955204153060915
epoch 6 batch 1799 Loss 4.5228088450431825
epoch 6 batch 1899 Loss 4.651871919631958
epoch 6 batch 1999 Loss 4.415661828517914
epoch 6 batch 2099 Loss 4.828337452411652
epoch 6 batch 2199 Loss 4.360736790895462
epoch 6 batch 2299 Loss 4.422697139382362
epoch 6 batch 2399 Loss 4.6421112942695615
epoch 6 batch 2499 Loss 4.4113208401203154
epoch 6 batch 2599 Loss 4.33973636329174
epoch 6 batch 2699 Loss 4.395152171850205
epoch 6 batch 2799 Loss 4.842812467813491
epoch 6 batch 2899 Loss 4.109751890897751
epoch 6 batch 2999 Loss 4.625417577028275
epoch 6 batch 3099 Loss 4.720525500774383
epoch 6 batch 3199 Loss 4.48028093457222
epoch 6 batch 3299 Loss 4.669694092273712
epoch 6 batch 3399 Loss 4.5005148535966875
epoch 6 batch 3499 Loss 4.219627445936203
epoch 6 batch 3599 Loss 4.360311162471771
epoch 6 batch 3699 Loss 4.209153315424919
epoch 6 batch 3799 Loss 4.293504790067673
epoch 6 batch 3899 Loss 4.405554401874542
epoch 6 batch 3999 Loss 4.44380055963993
epoch 6 batch 4099 Loss 4.542248179912567
epoch 6 batch 4199 Loss 4.405010101795196
epoch 6 batch 4299 Loss 4.26360533952713
epoch 6 batch 4399 Loss 4.190388290882111
epoch 6 batch 4499 Loss 4.3555511796474455
epoch 6 batch 4599 Loss 4.5213563811779025
epoch 6 batch 4699 Loss 4.46307701587677
epoch 6 batch 4799 Loss 4.147990624904633
epoch 6 batch 4899 Loss 4.44710238814354
epoch 6 batch 4999 Loss 4.495311148166657
epoch 6 batch 5099 Loss 4.1827979505062105
epoch 6 batch 5199 Loss 4.442153089046478
epoch 6 batch 5299 Loss 4.452105590105057
epoch 6 batch 5399 Loss 4.5667234444618225
epoch 6 batch 5499 Loss 4.428721735477447
epoch 6 batch 5599 Loss 4.2621546232700345
epoch 6 batch 5699 Loss 4.4414250528812405
epoch 6 batch 5799 Loss 4.330495388507843
epoch 6 batch 5899 Loss 4.394394761919975
epoch 6 batch 5999 Loss 4.3426304006576535
epoch 6 batch 6099 Loss 4.29831109881401
epoch 6 batch 6199 Loss 4.410010858774185
epoch 6 batch 6299 Loss 4.2393778812885285
epoch 7 batch 99 Loss 4.834174686670304
epoch 7 batch 199 Loss 3.9364892268180847
epoch 7 batch 299 Loss 4.110603964924812
epoch 7 batch 399 Loss 4.358243670463562
epoch 7 batch 499 Loss 3.835857896208763
epoch 7 batch 599 Loss 3.9098081302642824
epoch 7 batch 699 Loss 4.130112836956978
epoch 7 batch 799 Loss 4.0065835762023925
epoch 7 batch 899 Loss 4.010654672384262
epoch 7 batch 999 Loss 3.935389626920223
epoch 7 batch 1099 Loss 3.9525360643863676
epoch 7 batch 1199 Loss 3.9278551280498504
epoch 7 batch 1299 Loss 4.103587740659714
epoch 7 batch 1399 Loss 3.8235704827308656
epoch 7 batch 1499 Loss 3.809050735831261
epoch 7 batch 1599 Loss 3.785906916856766
epoch 7 batch 1699 Loss 3.9172435855865477
epoch 7 batch 1799 Loss 3.909512519836426
epoch 7 batch 1899 Loss 3.8652524864673614
epoch 7 batch 1999 Loss 3.930575053691864
epoch 7 batch 2099 Loss 3.879098217487335
epoch 7 batch 2199 Loss 3.9161652505397795
epoch 7 batch 2299 Loss 3.8884741818904875
epoch 7 batch 2399 Loss 4.036587555408477
epoch 7 batch 2499 Loss 3.7324982875585557
epoch 7 batch 2599 Loss 3.979636223316193
epoch 7 batch 2699 Loss 4.0717826533317565
epoch 7 batch 2799 Loss 3.7874661719799043
epoch 7 batch 2899 Loss 3.9731663835048674
epoch 7 batch 2999 Loss 3.8890288853645325
epoch 7 batch 3099 Loss 3.668316886425018
epoch 7 batch 3199 Loss 3.8371634244918824
epoch 7 batch 3299 Loss 3.6790823626518248
epoch 7 batch 3399 Loss 3.9314927929639816
epoch 7 batch 3499 Loss 3.8733533024787903
epoch 7 batch 3599 Loss 3.9301967710256576
epoch 7 batch 3699 Loss 3.776242097020149
epoch 7 batch 3799 Loss 3.6838467967510224
epoch 7 batch 3899 Loss 3.630629221200943
epoch 7 batch 3999 Loss 3.806146022081375
epoch 7 batch 4099 Loss 3.579527799487114
epoch 7 batch 4199 Loss 3.8937828183174132
epoch 7 batch 4299 Loss 3.823127294182777
epoch 7 batch 4399 Loss 3.409417839050293
epoch 7 batch 4499 Loss 3.7006553030014038
epoch 7 batch 4599 Loss 4.0112523251771925
epoch 7 batch 4699 Loss 3.8065605759620667
epoch 7 batch 4799 Loss 3.7244719350337983
epoch 7 batch 4899 Loss 4.063939335346222
epoch 7 batch 4999 Loss 3.8151242399215697
epoch 7 batch 5099 Loss 3.640349352955818
epoch 7 batch 5199 Loss 3.8110609495639802
epoch 7 batch 5299 Loss 3.7803054332733153
epoch 7 batch 5399 Loss 3.8890321540832518
epoch 7 batch 5499 Loss 3.6306319198012353
epoch 7 batch 5599 Loss 3.6166201320290567
epoch 7 batch 5699 Loss 3.9591820108890534
epoch 7 batch 5799 Loss 3.934636002779007
epoch 7 batch 5899 Loss 3.6764107170701026
epoch 7 batch 5999 Loss 3.812684721946716
epoch 7 batch 6099 Loss 3.6230126035213472
epoch 7 batch 6199 Loss 3.5821353495121
epoch 7 batch 6299 Loss 3.812987719774246
epoch 8 batch 99 Loss 4.1710835749469695
epoch 8 batch 199 Loss 3.3048781621456147
epoch 8 batch 299 Loss 3.5186339730024336
epoch 8 batch 399 Loss 3.376518361568451
epoch 8 batch 499 Loss 3.4934252232313154
epoch 8 batch 599 Loss 3.337167102098465
epoch 8 batch 699 Loss 3.406013086438179
epoch 8 batch 799 Loss 3.2947792723122986
epoch 8 batch 899 Loss 3.266138021349907
epoch 8 batch 999 Loss 3.587524297237396
epoch 8 batch 1099 Loss 3.456727296710014
epoch 8 batch 1199 Loss 3.348365382552147
epoch 8 batch 1299 Loss 3.2440718591213225
epoch 8 batch 1399 Loss 3.545418658852577
epoch 8 batch 1499 Loss 3.2957016333937643
epoch 8 batch 1599 Loss 3.463957962989807
epoch 8 batch 1699 Loss 3.3507698690891266
epoch 8 batch 1799 Loss 3.2506292659044265
epoch 8 batch 1899 Loss 3.4479216796159746
epoch 8 batch 1999 Loss 3.468976916074753
epoch 8 batch 2099 Loss 3.4998100912570953
epoch 8 batch 2199 Loss 3.344524407982826
epoch 8 batch 2299 Loss 3.3295466089248658
epoch 8 batch 2399 Loss 3.4352761590480805
epoch 8 batch 2499 Loss 3.3919685173034666
epoch 8 batch 2599 Loss 3.2828291809558867
epoch 8 batch 2699 Loss 3.3368533456325533
epoch 8 batch 2799 Loss 3.255318843126297
epoch 8 batch 2899 Loss 3.336313756108284
epoch 8 batch 2999 Loss 3.3178605538606645
epoch 8 batch 3099 Loss 3.368277491927147
epoch 8 batch 3199 Loss 3.1449159026145934
epoch 8 batch 3299 Loss 3.1762915325164793
epoch 8 batch 3399 Loss 3.2728364658355713
epoch 8 batch 3499 Loss 3.309516805410385
epoch 8 batch 3599 Loss 3.43651053249836
epoch 8 batch 3699 Loss 3.27939083635807
epoch 8 batch 3799 Loss 3.2049060735106467
epoch 8 batch 3899 Loss 3.3191851592063903
epoch 8 batch 3999 Loss 3.441720948815346
epoch 8 batch 4099 Loss 3.3527436190843583
epoch 8 batch 4199 Loss 3.1561619329452513
epoch 8 batch 4299 Loss 3.13588609457016
epoch 8 batch 4399 Loss 3.3701599007844925
epoch 8 batch 4499 Loss 3.419296341240406
epoch 8 batch 4599 Loss 3.375458540916443
epoch 8 batch 4699 Loss 3.2264359107613565
epoch 8 batch 4799 Loss 3.23750608086586
epoch 8 batch 4899 Loss 3.2632145571708677
epoch 8 batch 4999 Loss 3.3018054926395415
epoch 8 batch 5099 Loss 3.167792799472809
epoch 8 batch 5199 Loss 3.483661600202322
epoch 8 batch 5299 Loss 3.424395132660866
epoch 8 batch 5399 Loss 3.2851741820573808
epoch 8 batch 5499 Loss 3.2746271228790285
epoch 8 batch 5599 Loss 3.2878229266405103
epoch 8 batch 5699 Loss 3.411051789522171
epoch 8 batch 5799 Loss 3.2270971083641053
epoch 8 batch 5899 Loss 3.216288076043129
epoch 8 batch 5999 Loss 3.2460684788227083
epoch 8 batch 6099 Loss 3.5675777542591094
epoch 8 batch 6199 Loss 3.248502272963524
epoch 8 batch 6299 Loss 3.162000272870064
epoch 9 batch 99 Loss 3.854553602248125
epoch 9 batch 199 Loss 3.0858436489105223
epoch 9 batch 299 Loss 2.875599574148655
epoch 9 batch 399 Loss 3.0503656840324402
epoch 9 batch 499 Loss 2.902103661596775
epoch 9 batch 599 Loss 2.9174182415008545
epoch 9 batch 699 Loss 3.1448944139480592
epoch 9 batch 799 Loss 2.9316155037283895
epoch 9 batch 899 Loss 2.9575444477796555
epoch 9 batch 999 Loss 3.157022521495819
epoch 9 batch 1099 Loss 3.017207252383232
epoch 9 batch 1199 Loss 2.9323917657136915
epoch 9 batch 1299 Loss 2.911939468383789
epoch 9 batch 1399 Loss 3.113711387515068
epoch 9 batch 1499 Loss 2.69076288998127
epoch 9 batch 1599 Loss 2.931087520122528
epoch 9 batch 1699 Loss 2.983601493835449
epoch 9 batch 1799 Loss 2.9120213583111765
epoch 9 batch 1899 Loss 2.7829477506875993
epoch 9 batch 1999 Loss 2.937796005010605
epoch 9 batch 2099 Loss 2.8222584247589113
epoch 9 batch 2199 Loss 2.8749677789211274
epoch 9 batch 2299 Loss 2.911804561018944
epoch 9 batch 2399 Loss 2.803391147851944
epoch 9 batch 2499 Loss 2.989415801167488
epoch 9 batch 2599 Loss 3.072198040187359
epoch 9 batch 2699 Loss 2.8202322232723236
epoch 9 batch 2799 Loss 2.7946988463401796
epoch 9 batch 2899 Loss 2.8333228190243243
epoch 9 batch 2999 Loss 3.049929041862488
epoch 9 batch 3099 Loss 2.8874244678020475
epoch 9 batch 3199 Loss 2.8905719995498655
epoch 9 batch 3299 Loss 2.8997471660375593
epoch 9 batch 3399 Loss 2.8531867796182633
epoch 9 batch 3499 Loss 2.8336770740151405
epoch 9 batch 3599 Loss 2.8929182410240175
epoch 9 batch 3699 Loss 2.627398894429207
epoch 9 batch 3799 Loss 2.801940908432007
epoch 9 batch 3899 Loss 2.983229193687439
epoch 9 batch 3999 Loss 3.057936070561409
epoch 9 batch 4099 Loss 2.9240676173567772
epoch 9 batch 4199 Loss 2.822915437221527
epoch 9 batch 4299 Loss 2.809936956167221
epoch 9 batch 4399 Loss 2.941001331806183
epoch 9 batch 4499 Loss 2.9795120108127593
epoch 9 batch 4599 Loss 2.9040691018104554
epoch 9 batch 4699 Loss 2.904905145764351
epoch 9 batch 4799 Loss 3.0401199859380723
epoch 9 batch 4899 Loss 2.758145323395729
epoch 9 batch 4999 Loss 2.8182985958456994
epoch 9 batch 5099 Loss 2.726800792217255
epoch 9 batch 5199 Loss 3.0330498671531676
epoch 9 batch 5299 Loss 2.8908807945251467
epoch 9 batch 5399 Loss 2.9839337998628617
epoch 9 batch 5499 Loss 2.695640366971493
epoch 9 batch 5599 Loss 2.908109929561615
epoch 9 batch 5699 Loss 2.8942056739330293
epoch 9 batch 5799 Loss 2.8196642392873765
epoch 9 batch 5899 Loss 2.9909806469082834
epoch 9 batch 5999 Loss 2.6659459686279297
epoch 9 batch 6099 Loss 2.922596390247345
epoch 9 batch 6199 Loss 3.0031463903188707
epoch 9 batch 6299 Loss 3.006092099249363
Job end at 2023-04-05 10:41:16
